<?xml version="1.0" encoding="UTF-8"?>
<testsuite name="UserInterfaceTest" tests="5" skipped="0" failures="0" errors="0" timestamp="2019-01-25T11:24:02" hostname="Makiss.localdomain" time="0.01">
  <properties/>
  <testcase name="goodbyeUser" classname="UserInterfaceTest" time="0.006"/>
  <testcase name="asksUserForText" classname="UserInterfaceTest" time="0.001"/>
  <testcase name="welcomesUser" classname="UserInterfaceTest" time="0.0"/>
  <testcase name="printResults" classname="UserInterfaceTest" time="0.001"/>
  <testcase name="asksUserForWidth" classname="UserInterfaceTest" time="0.001"/>
  <system-out><![CDATA[]]></system-out>
  <system-err><![CDATA[]]></system-err>
</testsuite>
